<?xml version="1.0" ?>
<testsuite errors="0" failures="1" name="cms.tests.permmod.PermissionModeratorTestCase" tests="18" time="0.009">
	<testcase classname="cms.tests.permmod.PermissionModeratorTestCase" name="test_00_test_configuration" time="0.001"/>
	<testcase classname="cms.tests.permmod.PermissionModeratorTestCase" name="test_01_super_can_add_page_to_root" time="0.001"/>
	<testcase classname="cms.tests.permmod.PermissionModeratorTestCase" name="test_02_master_can_add_page_to_root" time="0.001"/>
	<testcase classname="cms.tests.permmod.PermissionModeratorTestCase" name="test_03_slave_can_add_page_to_root" time="0.001"/>
	<testcase classname="cms.tests.permmod.PermissionModeratorTestCase" name="test_04_moderation_on_slave_home" time="0.001"/>
	<testcase classname="cms.tests.permmod.PermissionModeratorTestCase" name="test_05_slave_can_add_page_under_slave_home" time="0.001"/>
	<testcase classname="cms.tests.permmod.PermissionModeratorTestCase" name="test_06_super_can_add_plugin" time="0.001"/>
	<testcase classname="cms.tests.permmod.PermissionModeratorTestCase" name="test_07_master_can_add_plugin" time="0.001"/>
	<testcase classname="cms.tests.permmod.PermissionModeratorTestCase" name="test_08_slave_can_add_plugin" time="0.001"/>
	<testcase classname="cms.tests.permmod.PermissionModeratorTestCase" name="test_09_same_order" time="0.001"/>
	<testcase classname="cms.tests.permmod.PermissionModeratorTestCase" name="test_10_create_copy_publish" time="0.001"/>
	<testcase classname="cms.tests.permmod.PermissionModeratorTestCase" name="test_11_create_publish_copy" time="0.001"/>
	<testcase classname="cms.tests.permmod.PermissionModeratorTestCase" name="test_12_subtree_needs_approvement" time="0.001"/>
	<testcase classname="cms.tests.permmod.PermissionModeratorTestCase" name="test_13_subtree_with_super" time="0.001"/>
	<testcase classname="cms.tests.permmod.PermissionModeratorTestCase" name="test_14_super_add_page_to_root" time="0.001"/>
	<testcase classname="cms.tests.permmod.PermissionModeratorTestCase" name="test_15_moderator_flags" time="0.001"/>
	<testcase classname="cms.tests.permmod.PermissionModeratorTestCase" name="test_16_patricks_move" time="0.001"/>
	<testcase classname="cms.tests.permmod.PermissionModeratorTestCase" name="test_17_plugins_get_published" time="0.001">
		<failure message="1 != 2" type="AssertionError">
<![CDATA[Traceback (most recent call last):
  File "/home/jonas/workspace/django-cms/cms/tests/permmod.py", line 665, in test_17_plugins_get_published
    self.assertEqual(CMSPlugin.objects.all().count(), 2)
AssertionError: 1 != 2
]]>		</failure>
	</testcase>
	<system-out>
<![CDATA[]]>	</system-out>
	<system-err>
<![CDATA[/home/jonas/workspace/django-cms/cms/models/pluginmodel.py:176: DontUsePageAttributeWarning: Don't use the page attribute on CMSPlugins! CMSPlugins are not guaranteed to have a page associated with them!
  DontUsePageAttributeWarning)
/home/jonas/workspace/_shared_eggs/unittest_xml_reporting-1.0.3-py2.6.egg/xmlrunner/__init__.py:220: DeprecationWarning: BaseException.message has been deprecated as of Python 2.6
  failure.setAttribute('message', test_result.err[1].message)
]]>	</system-err>
</testsuite>
